<?xml version="1.0" encoding="UTF-8"?>
<testng-results ignored="0" total="2" passed="2" failed="0" skipped="0">
  <reporter-output>
  </reporter-output>
  <suite started-at="2020-09-18T06:49:55Z" name="Default suite" finished-at="2020-09-18T06:50:00Z" duration-ms="4709">
    <groups>
    </groups>
    <test started-at="2020-09-18T06:49:55Z" name="Default test" finished-at="2020-09-18T06:50:00Z" duration-ms="4709">
      <class name="validation.Test_Orange">
        <test-method signature="Orange_test()[pri:0, instance:validation.Test_Orange@291ae]" started-at="2020-09-18T06:49:55Z" name="Orange_test" finished-at="2020-09-18T06:49:59Z" duration-ms="4223" status="PASS">
          <reporter-output>
          </reporter-output>
        </test-method> <!-- Orange_test -->
        <test-method signature="LoginPage()[pri:0, instance:validation.Test_Orange@291ae]" started-at="2020-09-18T06:49:59Z" name="LoginPage" finished-at="2020-09-18T06:50:00Z" depends-on-methods="validation.Test_Orange.Orange_test" duration-ms="471" status="PASS">
          <reporter-output>
          </reporter-output>
        </test-method> <!-- LoginPage -->
      </class> <!-- validation.Test_Orange -->
    </test> <!-- Default test -->
  </suite> <!-- Default suite -->
</testng-results>
